2023-10-11 17:19:43,705 - train - INFO - LSTM(
  (lstm): LSTM(1, 50, dropout=0.2)
  (linear): Linear(in_features=50, out_features=1, bias=True)
)
2023-10-11 17:20:16,904 - trainer - INFO -     epoch          : 1
2023-10-11 17:20:16,905 - trainer - INFO -     loss           : 0.2005588241053808
2023-10-11 17:20:16,905 - trainer - INFO -     val_loss       : 0.20112362233015754
2023-10-11 17:20:16,910 - trainer - INFO - Saving checkpoint: saved/models/LSTMmodel/1011_171943/checkpoint-epoch1.pth ...
2023-10-11 17:20:16,913 - trainer - INFO - Saving current best: model_best.pth ...
2023-10-11 17:20:46,312 - trainer - INFO -     epoch          : 2
2023-10-11 17:20:46,313 - trainer - INFO -     loss           : 0.1962999378287785
2023-10-11 17:20:46,313 - trainer - INFO -     val_loss       : 0.19991476871033706
2023-10-11 17:20:46,318 - trainer - INFO - Saving checkpoint: saved/models/LSTMmodel/1011_171943/checkpoint-epoch2.pth ...
2023-10-11 17:20:46,321 - trainer - INFO - Saving current best: model_best.pth ...
2023-10-11 17:21:16,362 - trainer - INFO -     epoch          : 3
2023-10-11 17:21:16,363 - trainer - INFO -     loss           : 0.19485518191002704
2023-10-11 17:21:16,363 - trainer - INFO -     val_loss       : 0.19184622329529086
2023-10-11 17:21:16,367 - trainer - INFO - Saving checkpoint: saved/models/LSTMmodel/1011_171943/checkpoint-epoch3.pth ...
2023-10-11 17:21:16,369 - trainer - INFO - Saving current best: model_best.pth ...
2023-10-11 17:21:46,311 - trainer - INFO -     epoch          : 4
2023-10-11 17:21:46,313 - trainer - INFO -     loss           : 0.19327364124555618
2023-10-11 17:21:46,313 - trainer - INFO -     val_loss       : 0.1892873403352586
2023-10-11 17:21:46,325 - trainer - INFO - Saving checkpoint: saved/models/LSTMmodel/1011_171943/checkpoint-epoch4.pth ...
2023-10-11 17:21:46,330 - trainer - INFO - Saving current best: model_best.pth ...
2023-10-11 17:22:17,161 - trainer - INFO -     epoch          : 5
2023-10-11 17:22:17,162 - trainer - INFO -     loss           : 0.19233838243135148
2023-10-11 17:22:17,162 - trainer - INFO -     val_loss       : 0.1922305126468674
2023-10-11 17:22:17,167 - trainer - INFO - Saving checkpoint: saved/models/LSTMmodel/1011_171943/checkpoint-epoch5.pth ...
2023-10-11 17:22:46,429 - trainer - INFO -     epoch          : 6
2023-10-11 17:22:46,430 - trainer - INFO -     loss           : 0.19187925363559008
2023-10-11 17:22:46,430 - trainer - INFO -     val_loss       : 0.18849987071172492
2023-10-11 17:22:46,438 - trainer - INFO - Saving checkpoint: saved/models/LSTMmodel/1011_171943/checkpoint-epoch6.pth ...
2023-10-11 17:22:46,442 - trainer - INFO - Saving current best: model_best.pth ...
2023-10-11 17:23:14,522 - trainer - INFO -     epoch          : 7
2023-10-11 17:23:14,537 - trainer - INFO -     loss           : 0.1939134122874187
2023-10-11 17:23:14,538 - trainer - INFO -     val_loss       : 0.18660885835226715
2023-10-11 17:23:14,580 - trainer - INFO - Saving checkpoint: saved/models/LSTMmodel/1011_171943/checkpoint-epoch7.pth ...
2023-10-11 17:23:14,583 - trainer - INFO - Saving current best: model_best.pth ...
2023-10-11 17:23:42,010 - trainer - INFO -     epoch          : 8
2023-10-11 17:23:42,012 - trainer - INFO -     loss           : 0.19082821351371723
2023-10-11 17:23:42,012 - trainer - INFO -     val_loss       : 0.1919986023600373
2023-10-11 17:23:42,017 - trainer - INFO - Saving checkpoint: saved/models/LSTMmodel/1011_171943/checkpoint-epoch8.pth ...
2023-10-11 17:24:10,674 - trainer - INFO -     epoch          : 9
2023-10-11 17:24:10,675 - trainer - INFO -     loss           : 0.19190328085355227
2023-10-11 17:24:10,675 - trainer - INFO -     val_loss       : 0.19391564208939657
2023-10-11 17:24:10,680 - trainer - INFO - Saving checkpoint: saved/models/LSTMmodel/1011_171943/checkpoint-epoch9.pth ...
2023-10-11 17:24:39,123 - trainer - INFO -     epoch          : 10
2023-10-11 17:24:39,124 - trainer - INFO -     loss           : 0.19217503643246547
2023-10-11 17:24:39,124 - trainer - INFO -     val_loss       : 0.18888392967833564
2023-10-11 17:24:39,129 - trainer - INFO - Saving checkpoint: saved/models/LSTMmodel/1011_171943/checkpoint-epoch10.pth ...
2023-10-11 17:25:09,614 - trainer - INFO -     epoch          : 11
2023-10-11 17:25:09,616 - trainer - INFO -     loss           : 0.18965689223293472
2023-10-11 17:25:09,616 - trainer - INFO -     val_loss       : 0.1880009259042009
2023-10-11 17:25:09,626 - trainer - INFO - Saving checkpoint: saved/models/LSTMmodel/1011_171943/checkpoint-epoch11.pth ...
2023-10-11 17:25:40,107 - trainer - INFO -     epoch          : 12
2023-10-11 17:25:40,108 - trainer - INFO -     loss           : 0.18897928756294446
2023-10-11 17:25:40,108 - trainer - INFO -     val_loss       : 0.19283889465346532
2023-10-11 17:25:40,115 - trainer - INFO - Saving checkpoint: saved/models/LSTMmodel/1011_171943/checkpoint-epoch12.pth ...
2023-10-11 17:26:09,386 - trainer - INFO -     epoch          : 13
2023-10-11 17:26:09,387 - trainer - INFO -     loss           : 0.18830232601252472
2023-10-11 17:26:09,387 - trainer - INFO -     val_loss       : 0.18597562359011613
2023-10-11 17:26:09,394 - trainer - INFO - Saving checkpoint: saved/models/LSTMmodel/1011_171943/checkpoint-epoch13.pth ...
2023-10-11 17:26:09,397 - trainer - INFO - Saving current best: model_best.pth ...
2023-10-11 17:26:39,182 - trainer - INFO -     epoch          : 14
2023-10-11 17:26:39,184 - trainer - INFO -     loss           : 0.19062203476418182
2023-10-11 17:26:39,184 - trainer - INFO -     val_loss       : 0.19662892439721935
2023-10-11 17:26:39,188 - trainer - INFO - Saving checkpoint: saved/models/LSTMmodel/1011_171943/checkpoint-epoch14.pth ...
2023-10-11 17:27:09,257 - trainer - INFO -     epoch          : 15
2023-10-11 17:27:09,257 - trainer - INFO -     loss           : 0.19049044100465756
2023-10-11 17:27:09,258 - trainer - INFO -     val_loss       : 0.1924267069294737
2023-10-11 17:27:09,267 - trainer - INFO - Saving checkpoint: saved/models/LSTMmodel/1011_171943/checkpoint-epoch15.pth ...
2023-10-11 17:27:39,124 - trainer - INFO -     epoch          : 16
2023-10-11 17:27:39,125 - trainer - INFO -     loss           : 0.1897524182930224
2023-10-11 17:27:39,125 - trainer - INFO -     val_loss       : 0.1883973254679019
2023-10-11 17:27:39,131 - trainer - INFO - Saving checkpoint: saved/models/LSTMmodel/1011_171943/checkpoint-epoch16.pth ...
2023-10-11 17:28:10,434 - trainer - INFO -     epoch          : 17
2023-10-11 17:28:10,435 - trainer - INFO -     loss           : 0.18905792555704998
2023-10-11 17:28:10,435 - trainer - INFO -     val_loss       : 0.19922895230046542
2023-10-11 17:28:10,442 - trainer - INFO - Saving checkpoint: saved/models/LSTMmodel/1011_171943/checkpoint-epoch17.pth ...
2023-10-11 17:28:38,219 - trainer - INFO -     epoch          : 18
2023-10-11 17:28:38,220 - trainer - INFO -     loss           : 0.1900710355850035
2023-10-11 17:28:38,220 - trainer - INFO -     val_loss       : 0.1942037695035127
2023-10-11 17:28:38,225 - trainer - INFO - Saving checkpoint: saved/models/LSTMmodel/1011_171943/checkpoint-epoch18.pth ...
2023-10-11 17:29:07,475 - trainer - INFO -     epoch          : 19
2023-10-11 17:29:07,476 - trainer - INFO -     loss           : 0.18666711652077986
2023-10-11 17:29:07,477 - trainer - INFO -     val_loss       : 0.1802428216041752
2023-10-11 17:29:07,483 - trainer - INFO - Saving checkpoint: saved/models/LSTMmodel/1011_171943/checkpoint-epoch19.pth ...
2023-10-11 17:29:07,488 - trainer - INFO - Saving current best: model_best.pth ...
2023-10-11 17:29:38,588 - trainer - INFO -     epoch          : 20
2023-10-11 17:29:38,590 - trainer - INFO -     loss           : 0.18782315021200727
2023-10-11 17:29:38,590 - trainer - INFO -     val_loss       : 0.1817259232838617
2023-10-11 17:29:38,596 - trainer - INFO - Saving checkpoint: saved/models/LSTMmodel/1011_171943/checkpoint-epoch20.pth ...
