2023-10-04 11:53:49,116 - train - INFO - GRU(
  (gru): GRU(1, 50, batch_first=True, dropout=0.2)
  (fc_1): Linear(in_features=50, out_features=128, bias=True)
  (fc): Linear(in_features=128, out_features=1, bias=True)
  (relu): ReLU()
)
2023-10-04 11:54:22,025 - trainer - INFO -     epoch          : 1
2023-10-04 11:54:22,025 - trainer - INFO -     loss           : 0.20445774134318445
2023-10-04 11:54:22,026 - trainer - INFO -     val_loss       : 0.201855510089773
2023-10-04 11:54:22,033 - trainer - INFO - Saving checkpoint: saved/models/GRUmodel/1004_115348/checkpoint-epoch1.pth ...
2023-10-04 11:54:22,036 - trainer - INFO - Saving current best: model_best.pth ...
2023-10-04 11:54:50,576 - trainer - INFO -     epoch          : 2
2023-10-04 11:54:50,577 - trainer - INFO -     loss           : 0.20453433641553637
2023-10-04 11:54:50,577 - trainer - INFO -     val_loss       : 0.20405663780396743
2023-10-04 11:54:50,583 - trainer - INFO - Saving checkpoint: saved/models/GRUmodel/1004_115348/checkpoint-epoch2.pth ...
2023-10-04 11:55:18,089 - trainer - INFO -     epoch          : 3
2023-10-04 11:55:18,089 - trainer - INFO -     loss           : 0.20391032355855626
2023-10-04 11:55:18,090 - trainer - INFO -     val_loss       : 0.20303983466784492
2023-10-04 11:55:18,095 - trainer - INFO - Saving checkpoint: saved/models/GRUmodel/1004_115348/checkpoint-epoch3.pth ...
2023-10-04 11:55:46,268 - trainer - INFO -     epoch          : 4
2023-10-04 11:55:46,269 - trainer - INFO -     loss           : 0.20401846379583197
2023-10-04 11:55:46,269 - trainer - INFO -     val_loss       : 0.2043015859524556
2023-10-04 11:55:46,275 - trainer - INFO - Saving checkpoint: saved/models/GRUmodel/1004_115348/checkpoint-epoch4.pth ...
2023-10-04 11:56:14,266 - trainer - INFO -     epoch          : 5
2023-10-04 11:56:14,267 - trainer - INFO -     loss           : 0.20406366728446754
2023-10-04 11:56:14,267 - trainer - INFO -     val_loss       : 0.1992209993215854
2023-10-04 11:56:14,274 - trainer - INFO - Saving checkpoint: saved/models/GRUmodel/1004_115348/checkpoint-epoch5.pth ...
2023-10-04 11:56:14,279 - trainer - INFO - Saving current best: model_best.pth ...
