2023-10-11 03:02:45,708 - train - INFO - GRU(
  (gru): GRU(1, 50, batch_first=True, dropout=0.2)
  (fc_1): Linear(in_features=50, out_features=128, bias=True)
  (fc): Linear(in_features=128, out_features=1, bias=True)
  (relu): ReLU()
)
2023-10-11 03:03:18,431 - trainer - INFO -     epoch          : 1
2023-10-11 03:03:18,432 - trainer - INFO -     loss           : 0.17345696984724643
2023-10-11 03:03:18,432 - trainer - INFO -     val_loss       : 0.10585724993613817
2023-10-11 03:03:18,438 - trainer - INFO - Saving checkpoint: saved/models/GRUmodel/1011_030245/checkpoint-epoch1.pth ...
2023-10-11 03:03:18,443 - trainer - INFO - Saving current best: model_best.pth ...
2023-10-11 03:03:45,919 - trainer - INFO -     epoch          : 2
2023-10-11 03:03:45,919 - trainer - INFO -     loss           : 0.08270534640464916
2023-10-11 03:03:45,920 - trainer - INFO -     val_loss       : 0.07001934855272987
2023-10-11 03:03:45,926 - trainer - INFO - Saving checkpoint: saved/models/GRUmodel/1011_030245/checkpoint-epoch2.pth ...
2023-10-11 03:03:45,930 - trainer - INFO - Saving current best: model_best.pth ...
2023-10-11 03:04:14,975 - trainer - INFO -     epoch          : 3
2023-10-11 03:04:14,976 - trainer - INFO -     loss           : 0.07377550386786443
2023-10-11 03:04:14,977 - trainer - INFO -     val_loss       : 0.06501381883854124
2023-10-11 03:04:14,983 - trainer - INFO - Saving checkpoint: saved/models/GRUmodel/1011_030245/checkpoint-epoch3.pth ...
2023-10-11 03:04:14,988 - trainer - INFO - Saving current best: model_best.pth ...
2023-10-11 03:04:42,989 - trainer - INFO -     epoch          : 4
2023-10-11 03:04:42,990 - trainer - INFO -     loss           : 0.06835281448362776
2023-10-11 03:04:42,990 - trainer - INFO -     val_loss       : 0.060779699840198445
2023-10-11 03:04:42,994 - trainer - INFO - Saving checkpoint: saved/models/GRUmodel/1011_030245/checkpoint-epoch4.pth ...
2023-10-11 03:04:42,999 - trainer - INFO - Saving current best: model_best.pth ...
2023-10-11 03:05:11,904 - trainer - INFO -     epoch          : 5
2023-10-11 03:05:11,905 - trainer - INFO -     loss           : 0.06248081796824971
2023-10-11 03:05:11,905 - trainer - INFO -     val_loss       : 0.056553856750486714
2023-10-11 03:05:11,911 - trainer - INFO - Saving checkpoint: saved/models/GRUmodel/1011_030245/checkpoint-epoch5.pth ...
2023-10-11 03:05:11,913 - trainer - INFO - Saving current best: model_best.pth ...
