2023-10-11 03:10:48,720 - train - INFO - LSTM(
  (lstm): LSTM(1, 50, dropout=0.2)
  (linear): Linear(in_features=50, out_features=1, bias=True)
)
2023-10-11 03:11:27,342 - trainer - INFO -     epoch          : 1
2023-10-11 03:11:27,342 - trainer - INFO -     loss           : 0.2005588241053808
2023-10-11 03:11:27,342 - trainer - INFO -     val_loss       : 0.20112362233015754
2023-10-11 03:11:27,351 - trainer - INFO - Saving checkpoint: saved/models/LSTMmodel/1011_031048/checkpoint-epoch1.pth ...
2023-10-11 03:11:27,354 - trainer - INFO - Saving current best: model_best.pth ...
2023-10-11 03:11:57,191 - trainer - INFO -     epoch          : 2
2023-10-11 03:11:57,192 - trainer - INFO -     loss           : 0.1962999378287785
2023-10-11 03:11:57,192 - trainer - INFO -     val_loss       : 0.19991476871033706
2023-10-11 03:11:57,198 - trainer - INFO - Saving checkpoint: saved/models/LSTMmodel/1011_031048/checkpoint-epoch2.pth ...
2023-10-11 03:11:57,203 - trainer - INFO - Saving current best: model_best.pth ...
2023-10-11 03:12:24,879 - trainer - INFO -     epoch          : 3
2023-10-11 03:12:24,880 - trainer - INFO -     loss           : 0.19485518191002704
2023-10-11 03:12:24,880 - trainer - INFO -     val_loss       : 0.19184622329529086
2023-10-11 03:12:24,886 - trainer - INFO - Saving checkpoint: saved/models/LSTMmodel/1011_031048/checkpoint-epoch3.pth ...
2023-10-11 03:12:24,889 - trainer - INFO - Saving current best: model_best.pth ...
2023-10-11 03:12:53,142 - trainer - INFO -     epoch          : 4
2023-10-11 03:12:53,144 - trainer - INFO -     loss           : 0.19327364124555618
2023-10-11 03:12:53,144 - trainer - INFO -     val_loss       : 0.1892873403352586
2023-10-11 03:12:53,148 - trainer - INFO - Saving checkpoint: saved/models/LSTMmodel/1011_031048/checkpoint-epoch4.pth ...
2023-10-11 03:12:53,151 - trainer - INFO - Saving current best: model_best.pth ...
2023-10-11 03:13:22,207 - trainer - INFO -     epoch          : 5
2023-10-11 03:13:22,208 - trainer - INFO -     loss           : 0.19233838243135148
2023-10-11 03:13:22,208 - trainer - INFO -     val_loss       : 0.1922305126468674
2023-10-11 03:13:22,213 - trainer - INFO - Saving checkpoint: saved/models/LSTMmodel/1011_031048/checkpoint-epoch5.pth ...
2023-10-11 03:13:50,841 - trainer - INFO -     epoch          : 6
2023-10-11 03:13:50,841 - trainer - INFO -     loss           : 0.19257555921041336
2023-10-11 03:13:50,842 - trainer - INFO -     val_loss       : 0.19172942791745382
2023-10-11 03:13:50,848 - trainer - INFO - Saving checkpoint: saved/models/LSTMmodel/1011_031048/checkpoint-epoch6.pth ...
2023-10-11 03:14:20,078 - trainer - INFO -     epoch          : 7
2023-10-11 03:14:20,080 - trainer - INFO -     loss           : 0.19481873149600218
2023-10-11 03:14:20,080 - trainer - INFO -     val_loss       : 0.18615347187167652
2023-10-11 03:14:20,084 - trainer - INFO - Saving checkpoint: saved/models/LSTMmodel/1011_031048/checkpoint-epoch7.pth ...
2023-10-11 03:14:20,088 - trainer - INFO - Saving current best: model_best.pth ...
2023-10-11 03:14:48,088 - trainer - INFO -     epoch          : 8
2023-10-11 03:14:48,089 - trainer - INFO -     loss           : 0.19133526517683613
2023-10-11 03:14:48,089 - trainer - INFO -     val_loss       : 0.19249087347483
2023-10-11 03:14:48,095 - trainer - INFO - Saving checkpoint: saved/models/LSTMmodel/1011_031048/checkpoint-epoch8.pth ...
2023-10-11 03:15:16,832 - trainer - INFO -     epoch          : 9
2023-10-11 03:15:16,833 - trainer - INFO -     loss           : 0.19282820623875824
2023-10-11 03:15:16,834 - trainer - INFO -     val_loss       : 0.19432513002944724
2023-10-11 03:15:16,838 - trainer - INFO - Saving checkpoint: saved/models/LSTMmodel/1011_031048/checkpoint-epoch9.pth ...
2023-10-11 03:15:45,793 - trainer - INFO -     epoch          : 10
2023-10-11 03:15:45,794 - trainer - INFO -     loss           : 0.1923622141071143
2023-10-11 03:15:45,794 - trainer - INFO -     val_loss       : 0.1897027263621048
2023-10-11 03:15:45,799 - trainer - INFO - Saving checkpoint: saved/models/LSTMmodel/1011_031048/checkpoint-epoch10.pth ...
2023-10-11 03:16:14,032 - trainer - INFO -     epoch          : 11
2023-10-11 03:16:14,034 - trainer - INFO -     loss           : 0.19105692760979032
2023-10-11 03:16:14,034 - trainer - INFO -     val_loss       : 0.18932862563181602
2023-10-11 03:16:14,039 - trainer - INFO - Saving checkpoint: saved/models/LSTMmodel/1011_031048/checkpoint-epoch11.pth ...
2023-10-11 03:16:44,313 - trainer - INFO -     epoch          : 12
2023-10-11 03:16:44,314 - trainer - INFO -     loss           : 0.18986178149322738
2023-10-11 03:16:44,314 - trainer - INFO -     val_loss       : 0.19388144404365065
2023-10-11 03:16:44,320 - trainer - INFO - Saving checkpoint: saved/models/LSTMmodel/1011_031048/checkpoint-epoch12.pth ...
2023-10-11 03:17:13,130 - trainer - INFO -     epoch          : 13
2023-10-11 03:17:13,130 - trainer - INFO -     loss           : 0.189509026501935
2023-10-11 03:17:13,130 - trainer - INFO -     val_loss       : 0.18598529264198266
2023-10-11 03:17:13,134 - trainer - INFO - Saving checkpoint: saved/models/LSTMmodel/1011_031048/checkpoint-epoch13.pth ...
2023-10-11 03:17:13,137 - trainer - INFO - Saving current best: model_best.pth ...
2023-10-11 03:17:42,976 - trainer - INFO -     epoch          : 14
2023-10-11 03:17:42,978 - trainer - INFO -     loss           : 0.1905610318182258
2023-10-11 03:17:42,978 - trainer - INFO -     val_loss       : 0.195780670555244
2023-10-11 03:17:42,984 - trainer - INFO - Saving checkpoint: saved/models/LSTMmodel/1011_031048/checkpoint-epoch14.pth ...
2023-10-11 03:18:13,227 - trainer - INFO -     epoch          : 15
2023-10-11 03:18:13,228 - trainer - INFO -     loss           : 0.19055110819930304
2023-10-11 03:18:13,229 - trainer - INFO -     val_loss       : 0.1902295371266838
2023-10-11 03:18:13,235 - trainer - INFO - Saving checkpoint: saved/models/LSTMmodel/1011_031048/checkpoint-epoch15.pth ...
2023-10-11 03:18:43,498 - trainer - INFO -     epoch          : 16
2023-10-11 03:18:43,500 - trainer - INFO -     loss           : 0.19000091979587674
2023-10-11 03:18:43,500 - trainer - INFO -     val_loss       : 0.18640060294895214
2023-10-11 03:18:43,505 - trainer - INFO - Saving checkpoint: saved/models/LSTMmodel/1011_031048/checkpoint-epoch16.pth ...
2023-10-11 03:19:11,410 - trainer - INFO -     epoch          : 17
2023-10-11 03:19:11,410 - trainer - INFO -     loss           : 0.18807263096643947
2023-10-11 03:19:11,410 - trainer - INFO -     val_loss       : 0.20047613331549335
2023-10-11 03:19:11,418 - trainer - INFO - Saving checkpoint: saved/models/LSTMmodel/1011_031048/checkpoint-epoch17.pth ...
2023-10-11 03:19:39,362 - trainer - INFO -     epoch          : 18
2023-10-11 03:19:39,363 - trainer - INFO -     loss           : 0.1872662916584094
2023-10-11 03:19:39,363 - trainer - INFO -     val_loss       : 0.18834642357174572
2023-10-11 03:19:39,368 - trainer - INFO - Saving checkpoint: saved/models/LSTMmodel/1011_031048/checkpoint-epoch18.pth ...
2023-10-11 03:20:08,317 - trainer - INFO -     epoch          : 19
2023-10-11 03:20:08,318 - trainer - INFO -     loss           : 0.18299034990535723
2023-10-11 03:20:08,318 - trainer - INFO -     val_loss       : 0.18065754622924668
2023-10-11 03:20:08,324 - trainer - INFO - Saving checkpoint: saved/models/LSTMmodel/1011_031048/checkpoint-epoch19.pth ...
2023-10-11 03:20:08,329 - trainer - INFO - Saving current best: model_best.pth ...
2023-10-11 03:20:37,700 - trainer - INFO -     epoch          : 20
2023-10-11 03:20:37,701 - trainer - INFO -     loss           : 0.18144662492199518
2023-10-11 03:20:37,701 - trainer - INFO -     val_loss       : 0.17874527936655962
2023-10-11 03:20:37,705 - trainer - INFO - Saving checkpoint: saved/models/LSTMmodel/1011_031048/checkpoint-epoch20.pth ...
2023-10-11 03:20:37,708 - trainer - INFO - Saving current best: model_best.pth ...
