2023-10-11 17:29:53,581 - train - INFO - LSTM(
  (lstm): LSTM(1, 50, dropout=0.2)
  (linear): Linear(in_features=50, out_features=1, bias=True)
)
2023-10-11 17:30:29,359 - trainer - INFO -     epoch          : 1
2023-10-11 17:30:29,360 - trainer - INFO -     loss           : 0.2005588241053808
2023-10-11 17:30:29,360 - trainer - INFO -     val_loss       : 0.20112362233015754
2023-10-11 17:30:29,365 - trainer - INFO - Saving checkpoint: saved/models/LSTMmodel/1011_172953/checkpoint-epoch1.pth ...
2023-10-11 17:30:29,368 - trainer - INFO - Saving current best: model_best.pth ...
2023-10-11 17:30:58,941 - trainer - INFO -     epoch          : 2
2023-10-11 17:30:58,943 - trainer - INFO -     loss           : 0.1962999378287785
2023-10-11 17:30:58,943 - trainer - INFO -     val_loss       : 0.19991476871033706
2023-10-11 17:30:58,950 - trainer - INFO - Saving checkpoint: saved/models/LSTMmodel/1011_172953/checkpoint-epoch2.pth ...
2023-10-11 17:30:58,953 - trainer - INFO - Saving current best: model_best.pth ...
2023-10-11 17:31:27,699 - trainer - INFO -     epoch          : 3
2023-10-11 17:31:27,699 - trainer - INFO -     loss           : 0.19485518191002704
2023-10-11 17:31:27,699 - trainer - INFO -     val_loss       : 0.19184622329529086
2023-10-11 17:31:27,702 - trainer - INFO - Saving checkpoint: saved/models/LSTMmodel/1011_172953/checkpoint-epoch3.pth ...
2023-10-11 17:31:27,704 - trainer - INFO - Saving current best: model_best.pth ...
2023-10-11 17:31:56,985 - trainer - INFO -     epoch          : 4
2023-10-11 17:31:56,986 - trainer - INFO -     loss           : 0.19327364124555618
2023-10-11 17:31:56,987 - trainer - INFO -     val_loss       : 0.1892873403352586
2023-10-11 17:31:56,991 - trainer - INFO - Saving checkpoint: saved/models/LSTMmodel/1011_172953/checkpoint-epoch4.pth ...
2023-10-11 17:31:56,995 - trainer - INFO - Saving current best: model_best.pth ...
2023-10-11 17:32:26,608 - trainer - INFO -     epoch          : 5
2023-10-11 17:32:26,610 - trainer - INFO -     loss           : 0.19233838243135148
2023-10-11 17:32:26,610 - trainer - INFO -     val_loss       : 0.1922305126468674
2023-10-11 17:32:26,640 - trainer - INFO - Saving checkpoint: saved/models/LSTMmodel/1011_172953/checkpoint-epoch5.pth ...
2023-10-11 17:32:56,005 - trainer - INFO -     epoch          : 6
2023-10-11 17:32:56,006 - trainer - INFO -     loss           : 0.19241119821210942
2023-10-11 17:32:56,007 - trainer - INFO -     val_loss       : 0.18760022471864668
2023-10-11 17:32:56,012 - trainer - INFO - Saving checkpoint: saved/models/LSTMmodel/1011_172953/checkpoint-epoch6.pth ...
2023-10-11 17:32:56,015 - trainer - INFO - Saving current best: model_best.pth ...
2023-10-11 17:33:25,209 - trainer - INFO -     epoch          : 7
2023-10-11 17:33:25,211 - trainer - INFO -     loss           : 0.19360018750737065
2023-10-11 17:33:25,211 - trainer - INFO -     val_loss       : 0.18741299238641163
2023-10-11 17:33:25,215 - trainer - INFO - Saving checkpoint: saved/models/LSTMmodel/1011_172953/checkpoint-epoch7.pth ...
2023-10-11 17:33:25,218 - trainer - INFO - Saving current best: model_best.pth ...
2023-10-11 17:33:54,242 - trainer - INFO -     epoch          : 8
2023-10-11 17:33:54,243 - trainer - INFO -     loss           : 0.19064571621832987
2023-10-11 17:33:54,243 - trainer - INFO -     val_loss       : 0.19240497776776286
2023-10-11 17:33:54,248 - trainer - INFO - Saving checkpoint: saved/models/LSTMmodel/1011_172953/checkpoint-epoch8.pth ...
2023-10-11 17:34:22,150 - trainer - INFO -     epoch          : 9
2023-10-11 17:34:22,151 - trainer - INFO -     loss           : 0.19190859172664396
2023-10-11 17:34:22,151 - trainer - INFO -     val_loss       : 0.19411812731056063
2023-10-11 17:34:22,156 - trainer - INFO - Saving checkpoint: saved/models/LSTMmodel/1011_172953/checkpoint-epoch9.pth ...
2023-10-11 17:34:50,197 - trainer - INFO -     epoch          : 10
2023-10-11 17:34:50,198 - trainer - INFO -     loss           : 0.19183058726291538
2023-10-11 17:34:50,198 - trainer - INFO -     val_loss       : 0.18916142946654402
2023-10-11 17:34:50,204 - trainer - INFO - Saving checkpoint: saved/models/LSTMmodel/1011_172953/checkpoint-epoch10.pth ...
2023-10-11 17:35:20,060 - trainer - INFO -     epoch          : 11
2023-10-11 17:35:20,062 - trainer - INFO -     loss           : 0.19072500559020517
2023-10-11 17:35:20,062 - trainer - INFO -     val_loss       : 0.18827582196886897
2023-10-11 17:35:20,070 - trainer - INFO - Saving checkpoint: saved/models/LSTMmodel/1011_172953/checkpoint-epoch11.pth ...
2023-10-11 17:35:50,791 - trainer - INFO -     epoch          : 12
2023-10-11 17:35:50,792 - trainer - INFO -     loss           : 0.18978089680452526
2023-10-11 17:35:50,793 - trainer - INFO -     val_loss       : 0.19372833938806233
2023-10-11 17:35:50,797 - trainer - INFO - Saving checkpoint: saved/models/LSTMmodel/1011_172953/checkpoint-epoch12.pth ...
2023-10-11 17:36:20,943 - trainer - INFO -     epoch          : 13
2023-10-11 17:36:20,944 - trainer - INFO -     loss           : 0.19010205132731675
2023-10-11 17:36:20,944 - trainer - INFO -     val_loss       : 0.1868498094129271
2023-10-11 17:36:20,952 - trainer - INFO - Saving checkpoint: saved/models/LSTMmodel/1011_172953/checkpoint-epoch13.pth ...
2023-10-11 17:36:20,954 - trainer - INFO - Saving current best: model_best.pth ...
2023-10-11 17:36:51,039 - trainer - INFO -     epoch          : 14
2023-10-11 17:36:51,040 - trainer - INFO -     loss           : 0.19215743273099561
2023-10-11 17:36:51,041 - trainer - INFO -     val_loss       : 0.1954419458051316
2023-10-11 17:36:51,046 - trainer - INFO - Saving checkpoint: saved/models/LSTMmodel/1011_172953/checkpoint-epoch14.pth ...
2023-10-11 17:37:20,314 - trainer - INFO -     epoch          : 15
2023-10-11 17:37:20,315 - trainer - INFO -     loss           : 0.19094996143353538
2023-10-11 17:37:20,315 - trainer - INFO -     val_loss       : 0.19231922808900714
2023-10-11 17:37:20,324 - trainer - INFO - Saving checkpoint: saved/models/LSTMmodel/1011_172953/checkpoint-epoch15.pth ...
2023-10-11 17:37:50,913 - trainer - INFO -     epoch          : 16
2023-10-11 17:37:50,914 - trainer - INFO -     loss           : 0.19070618791673977
2023-10-11 17:37:50,914 - trainer - INFO -     val_loss       : 0.18909846086076754
2023-10-11 17:37:50,921 - trainer - INFO - Saving checkpoint: saved/models/LSTMmodel/1011_172953/checkpoint-epoch16.pth ...
2023-10-11 17:38:21,792 - trainer - INFO -     epoch          : 17
2023-10-11 17:38:21,794 - trainer - INFO -     loss           : 0.1899500473176693
2023-10-11 17:38:21,794 - trainer - INFO -     val_loss       : 0.1989099885242331
2023-10-11 17:38:21,801 - trainer - INFO - Saving checkpoint: saved/models/LSTMmodel/1011_172953/checkpoint-epoch17.pth ...
2023-10-11 17:38:51,061 - trainer - INFO -     epoch          : 18
2023-10-11 17:38:51,062 - trainer - INFO -     loss           : 0.191187265064402
2023-10-11 17:38:51,062 - trainer - INFO -     val_loss       : 0.19611721204434215
2023-10-11 17:38:51,067 - trainer - INFO - Saving checkpoint: saved/models/LSTMmodel/1011_172953/checkpoint-epoch18.pth ...
2023-10-11 17:39:21,687 - trainer - INFO -     epoch          : 19
2023-10-11 17:39:21,688 - trainer - INFO -     loss           : 0.18795213948316505
2023-10-11 17:39:21,688 - trainer - INFO -     val_loss       : 0.1840559888725519
2023-10-11 17:39:21,695 - trainer - INFO - Saving checkpoint: saved/models/LSTMmodel/1011_172953/checkpoint-epoch19.pth ...
2023-10-11 17:39:21,698 - trainer - INFO - Saving current best: model_best.pth ...
2023-10-11 17:39:52,539 - trainer - INFO -     epoch          : 20
2023-10-11 17:39:52,540 - trainer - INFO -     loss           : 0.18918990576886
2023-10-11 17:39:52,541 - trainer - INFO -     val_loss       : 0.18446084047600755
2023-10-11 17:39:52,550 - trainer - INFO - Saving checkpoint: saved/models/LSTMmodel/1011_172953/checkpoint-epoch20.pth ...
