2023-10-11 03:23:20,458 - train - INFO - RNN(
  (rnn): RNN(1, 50, batch_first=True, dropout=0.2)
  (fc): Sequential(
    (0): Linear(in_features=150, out_features=1, bias=True)
    (1): Sigmoid()
  )
)
2023-10-11 03:23:53,534 - trainer - INFO -     epoch          : 1
2023-10-11 03:23:53,535 - trainer - INFO -     loss           : 0.1361094270960827
2023-10-11 03:23:53,535 - trainer - INFO -     val_loss       : 0.08870671183575252
2023-10-11 03:23:53,540 - trainer - INFO - Saving checkpoint: saved/models/RNNmodel/1011_032320/checkpoint-epoch1.pth ...
2023-10-11 03:23:53,542 - trainer - INFO - Saving current best: model_best.pth ...
2023-10-11 03:24:20,958 - trainer - INFO -     epoch          : 2
2023-10-11 03:24:20,960 - trainer - INFO -     loss           : 0.0876340574523449
2023-10-11 03:24:20,960 - trainer - INFO -     val_loss       : 0.08290449671629144
2023-10-11 03:24:20,964 - trainer - INFO - Saving checkpoint: saved/models/RNNmodel/1011_032320/checkpoint-epoch2.pth ...
2023-10-11 03:24:20,968 - trainer - INFO - Saving current best: model_best.pth ...
2023-10-11 03:24:48,934 - trainer - INFO -     epoch          : 3
2023-10-11 03:24:48,936 - trainer - INFO -     loss           : 0.0715765451294096
2023-10-11 03:24:48,936 - trainer - INFO -     val_loss       : 0.069196645174427
2023-10-11 03:24:48,938 - trainer - INFO - Saving checkpoint: saved/models/RNNmodel/1011_032320/checkpoint-epoch3.pth ...
2023-10-11 03:24:48,940 - trainer - INFO - Saving current best: model_best.pth ...
2023-10-11 03:25:17,795 - trainer - INFO -     epoch          : 4
2023-10-11 03:25:17,796 - trainer - INFO -     loss           : 0.06671732542653362
2023-10-11 03:25:17,796 - trainer - INFO -     val_loss       : 0.06796153297621874
2023-10-11 03:25:17,798 - trainer - INFO - Saving checkpoint: saved/models/RNNmodel/1011_032320/checkpoint-epoch4.pth ...
2023-10-11 03:25:17,800 - trainer - INFO - Saving current best: model_best.pth ...
2023-10-11 03:25:46,693 - trainer - INFO -     epoch          : 5
2023-10-11 03:25:46,693 - trainer - INFO -     loss           : 0.06421892822997177
2023-10-11 03:25:46,694 - trainer - INFO -     val_loss       : 0.06078541442407907
2023-10-11 03:25:46,698 - trainer - INFO - Saving checkpoint: saved/models/RNNmodel/1011_032320/checkpoint-epoch5.pth ...
2023-10-11 03:25:46,701 - trainer - INFO - Saving current best: model_best.pth ...
