2023-10-11 03:25:50,897 - train - INFO - GRU(
  (gru): GRU(1, 50, batch_first=True, dropout=0.2)
  (fc_1): Linear(in_features=50, out_features=128, bias=True)
  (fc): Linear(in_features=128, out_features=1, bias=True)
  (relu): ReLU()
)
2023-10-11 03:26:23,870 - trainer - INFO -     epoch          : 1
2023-10-11 03:26:23,871 - trainer - INFO -     loss           : 0.17345696984724643
2023-10-11 03:26:23,871 - trainer - INFO -     val_loss       : 0.10585724993613817
2023-10-11 03:26:23,877 - trainer - INFO - Saving checkpoint: saved/models/GRUmodel/1011_032550/checkpoint-epoch1.pth ...
2023-10-11 03:26:23,881 - trainer - INFO - Saving current best: model_best.pth ...
2023-10-11 03:26:51,676 - trainer - INFO -     epoch          : 2
2023-10-11 03:26:51,677 - trainer - INFO -     loss           : 0.08270534640464916
2023-10-11 03:26:51,677 - trainer - INFO -     val_loss       : 0.07001934855272987
2023-10-11 03:26:51,683 - trainer - INFO - Saving checkpoint: saved/models/GRUmodel/1011_032550/checkpoint-epoch2.pth ...
2023-10-11 03:26:51,687 - trainer - INFO - Saving current best: model_best.pth ...
2023-10-11 03:27:19,530 - trainer - INFO -     epoch          : 3
2023-10-11 03:27:19,530 - trainer - INFO -     loss           : 0.07377550386786443
2023-10-11 03:27:19,530 - trainer - INFO -     val_loss       : 0.06501381883854124
2023-10-11 03:27:19,535 - trainer - INFO - Saving checkpoint: saved/models/GRUmodel/1011_032550/checkpoint-epoch3.pth ...
2023-10-11 03:27:19,540 - trainer - INFO - Saving current best: model_best.pth ...
2023-10-11 03:27:48,190 - trainer - INFO -     epoch          : 4
2023-10-11 03:27:48,191 - trainer - INFO -     loss           : 0.06835281448362776
2023-10-11 03:27:48,191 - trainer - INFO -     val_loss       : 0.060779699840198445
2023-10-11 03:27:48,196 - trainer - INFO - Saving checkpoint: saved/models/GRUmodel/1011_032550/checkpoint-epoch4.pth ...
2023-10-11 03:27:48,201 - trainer - INFO - Saving current best: model_best.pth ...
2023-10-11 03:28:17,633 - trainer - INFO -     epoch          : 5
2023-10-11 03:28:17,634 - trainer - INFO -     loss           : 0.06248081796824971
2023-10-11 03:28:17,634 - trainer - INFO -     val_loss       : 0.056553856750486714
2023-10-11 03:28:17,641 - trainer - INFO - Saving checkpoint: saved/models/GRUmodel/1011_032550/checkpoint-epoch5.pth ...
2023-10-11 03:28:17,645 - trainer - INFO - Saving current best: model_best.pth ...
