2023-10-11 18:58:23,688 - train - INFO - LSTM(
  (lstm): LSTM(1, 50, dropout=0.2)
  (linear): Linear(in_features=50, out_features=1, bias=True)
)
2023-10-11 18:59:48,669 - trainer - INFO -     epoch          : 1
2023-10-11 18:59:48,671 - trainer - INFO -     loss           : 0.2005588241053808
2023-10-11 18:59:48,671 - trainer - INFO -     val_loss       : 0.20112362233015754
2023-10-11 18:59:48,684 - trainer - INFO - Saving checkpoint: saved/models/LSTMmodel/1011_185819/checkpoint-epoch1.pth ...
2023-10-11 18:59:48,688 - trainer - INFO - Saving current best: model_best.pth ...
2023-10-11 19:00:26,133 - trainer - INFO -     epoch          : 2
2023-10-11 19:00:26,135 - trainer - INFO -     loss           : 0.1962999378287785
2023-10-11 19:00:26,136 - trainer - INFO -     val_loss       : 0.19991476871033706
2023-10-11 19:00:26,143 - trainer - INFO - Saving checkpoint: saved/models/LSTMmodel/1011_185819/checkpoint-epoch2.pth ...
2023-10-11 19:00:26,147 - trainer - INFO - Saving current best: model_best.pth ...
2023-10-11 19:01:00,773 - trainer - INFO -     epoch          : 3
2023-10-11 19:01:00,774 - trainer - INFO -     loss           : 0.19485518191002704
2023-10-11 19:01:00,775 - trainer - INFO -     val_loss       : 0.19184622329529086
2023-10-11 19:01:00,781 - trainer - INFO - Saving checkpoint: saved/models/LSTMmodel/1011_185819/checkpoint-epoch3.pth ...
2023-10-11 19:01:00,784 - trainer - INFO - Saving current best: model_best.pth ...
2023-10-11 19:01:39,612 - trainer - INFO -     epoch          : 4
2023-10-11 19:01:39,613 - trainer - INFO -     loss           : 0.19327364124555618
2023-10-11 19:01:39,613 - trainer - INFO -     val_loss       : 0.1892873403352586
2023-10-11 19:01:39,621 - trainer - INFO - Saving checkpoint: saved/models/LSTMmodel/1011_185819/checkpoint-epoch4.pth ...
2023-10-11 19:01:39,625 - trainer - INFO - Saving current best: model_best.pth ...
2023-10-11 19:02:16,933 - trainer - INFO -     epoch          : 5
2023-10-11 19:02:16,934 - trainer - INFO -     loss           : 0.19233838243135148
2023-10-11 19:02:16,934 - trainer - INFO -     val_loss       : 0.1922305126468674
2023-10-11 19:02:16,939 - trainer - INFO - Saving checkpoint: saved/models/LSTMmodel/1011_185819/checkpoint-epoch5.pth ...
2023-10-11 19:02:49,945 - trainer - INFO -     epoch          : 6
2023-10-11 19:02:49,946 - trainer - INFO -     loss           : 0.19241119821210942
2023-10-11 19:02:49,946 - trainer - INFO -     val_loss       : 0.18760022471864668
2023-10-11 19:02:49,952 - trainer - INFO - Saving checkpoint: saved/models/LSTMmodel/1011_185819/checkpoint-epoch6.pth ...
2023-10-11 19:02:49,956 - trainer - INFO - Saving current best: model_best.pth ...
2023-10-11 19:03:23,038 - trainer - INFO -     epoch          : 7
2023-10-11 19:03:23,040 - trainer - INFO -     loss           : 0.19360018750737065
2023-10-11 19:03:23,040 - trainer - INFO -     val_loss       : 0.18741299238641163
2023-10-11 19:03:23,047 - trainer - INFO - Saving checkpoint: saved/models/LSTMmodel/1011_185819/checkpoint-epoch7.pth ...
2023-10-11 19:03:23,049 - trainer - INFO - Saving current best: model_best.pth ...
2023-10-11 19:03:54,647 - trainer - INFO -     epoch          : 8
2023-10-11 19:03:54,648 - trainer - INFO -     loss           : 0.19064571621832987
2023-10-11 19:03:54,649 - trainer - INFO -     val_loss       : 0.19240497776776286
2023-10-11 19:03:54,653 - trainer - INFO - Saving checkpoint: saved/models/LSTMmodel/1011_185819/checkpoint-epoch8.pth ...
2023-10-11 19:04:27,730 - trainer - INFO -     epoch          : 9
2023-10-11 19:04:27,731 - trainer - INFO -     loss           : 0.19190859172664396
2023-10-11 19:04:27,731 - trainer - INFO -     val_loss       : 0.19411812731056063
2023-10-11 19:04:27,736 - trainer - INFO - Saving checkpoint: saved/models/LSTMmodel/1011_185819/checkpoint-epoch9.pth ...
2023-10-11 19:05:00,349 - trainer - INFO -     epoch          : 10
2023-10-11 19:05:00,350 - trainer - INFO -     loss           : 0.19183058726291538
2023-10-11 19:05:00,350 - trainer - INFO -     val_loss       : 0.18916142946654402
2023-10-11 19:05:00,357 - trainer - INFO - Saving checkpoint: saved/models/LSTMmodel/1011_185819/checkpoint-epoch10.pth ...
