2023-10-11 17:59:44,883 - train - INFO - LSTM(
  (lstm): LSTM(1, 50, dropout=0.2)
  (linear): Linear(in_features=50, out_features=1, bias=True)
)
2023-10-11 18:00:18,979 - trainer - INFO -     epoch          : 1
2023-10-11 18:00:18,980 - trainer - INFO -     loss           : 0.20062070174856256
2023-10-11 18:00:18,980 - trainer - INFO -     val_loss       : 0.19861107215757537
2023-10-11 18:00:18,987 - trainer - INFO - Saving checkpoint: saved/models/LSTMmodel/1011_175944/checkpoint-epoch1.pth ...
2023-10-11 18:00:18,989 - trainer - INFO - Saving current best: model_best.pth ...
2023-10-11 18:00:48,850 - trainer - INFO -     epoch          : 2
2023-10-11 18:00:48,852 - trainer - INFO -     loss           : 0.19690041380820164
2023-10-11 18:00:48,852 - trainer - INFO -     val_loss       : 0.19986598680793374
2023-10-11 18:00:48,856 - trainer - INFO - Saving checkpoint: saved/models/LSTMmodel/1011_175944/checkpoint-epoch2.pth ...
2023-10-11 18:01:19,753 - trainer - INFO -     epoch          : 3
2023-10-11 18:01:19,754 - trainer - INFO -     loss           : 0.19577715883138905
2023-10-11 18:01:19,754 - trainer - INFO -     val_loss       : 0.19271775404930927
2023-10-11 18:01:19,758 - trainer - INFO - Saving checkpoint: saved/models/LSTMmodel/1011_175944/checkpoint-epoch3.pth ...
2023-10-11 18:01:19,762 - trainer - INFO - Saving current best: model_best.pth ...
2023-10-11 18:01:51,504 - trainer - INFO -     epoch          : 4
2023-10-11 18:01:51,505 - trainer - INFO -     loss           : 0.19393575072989444
2023-10-11 18:01:51,506 - trainer - INFO -     val_loss       : 0.19198789990434426
2023-10-11 18:01:51,513 - trainer - INFO - Saving checkpoint: saved/models/LSTMmodel/1011_175944/checkpoint-epoch4.pth ...
2023-10-11 18:01:51,524 - trainer - INFO - Saving current best: model_best.pth ...
2023-10-11 18:02:26,862 - trainer - INFO -     epoch          : 5
2023-10-11 18:02:26,863 - trainer - INFO -     loss           : 0.1931913757575172
2023-10-11 18:02:26,863 - trainer - INFO -     val_loss       : 0.19324089952196052
2023-10-11 18:02:26,870 - trainer - INFO - Saving checkpoint: saved/models/LSTMmodel/1011_175944/checkpoint-epoch5.pth ...
2023-10-11 18:02:59,509 - trainer - INFO -     epoch          : 6
2023-10-11 18:02:59,511 - trainer - INFO -     loss           : 0.19267022893200444
2023-10-11 18:02:59,511 - trainer - INFO -     val_loss       : 0.18920640360752544
2023-10-11 18:02:59,524 - trainer - INFO - Saving checkpoint: saved/models/LSTMmodel/1011_175944/checkpoint-epoch6.pth ...
2023-10-11 18:02:59,532 - trainer - INFO - Saving current best: model_best.pth ...
2023-10-11 18:03:30,681 - trainer - INFO -     epoch          : 7
2023-10-11 18:03:30,681 - trainer - INFO -     loss           : 0.1945604192472808
2023-10-11 18:03:30,681 - trainer - INFO -     val_loss       : 0.18679422742359575
2023-10-11 18:03:30,685 - trainer - INFO - Saving checkpoint: saved/models/LSTMmodel/1011_175944/checkpoint-epoch7.pth ...
2023-10-11 18:03:30,688 - trainer - INFO - Saving current best: model_best.pth ...
2023-10-11 18:04:04,007 - trainer - INFO -     epoch          : 8
2023-10-11 18:04:04,008 - trainer - INFO -     loss           : 0.1913583842521424
2023-10-11 18:04:04,009 - trainer - INFO -     val_loss       : 0.19237786653107303
2023-10-11 18:04:04,014 - trainer - INFO - Saving checkpoint: saved/models/LSTMmodel/1011_175944/checkpoint-epoch8.pth ...
2023-10-11 18:04:34,272 - trainer - INFO -     epoch          : 9
2023-10-11 18:04:34,273 - trainer - INFO -     loss           : 0.1924230378375543
2023-10-11 18:04:34,273 - trainer - INFO -     val_loss       : 0.19295297996834956
2023-10-11 18:04:34,279 - trainer - INFO - Saving checkpoint: saved/models/LSTMmodel/1011_175944/checkpoint-epoch9.pth ...
2023-10-11 18:05:06,003 - trainer - INFO -     epoch          : 10
2023-10-11 18:05:06,004 - trainer - INFO -     loss           : 0.19243822822778786
2023-10-11 18:05:06,004 - trainer - INFO -     val_loss       : 0.1890851108176455
2023-10-11 18:05:06,012 - trainer - INFO - Saving checkpoint: saved/models/LSTMmodel/1011_175944/checkpoint-epoch10.pth ...
2023-10-11 18:05:38,486 - trainer - INFO -     epoch          : 11
2023-10-11 18:05:38,487 - trainer - INFO -     loss           : 0.19055325987095278
2023-10-11 18:05:38,488 - trainer - INFO -     val_loss       : 0.1885860508300341
2023-10-11 18:05:38,495 - trainer - INFO - Saving checkpoint: saved/models/LSTMmodel/1011_175944/checkpoint-epoch11.pth ...
2023-10-11 18:06:11,104 - trainer - INFO -     epoch          : 12
2023-10-11 18:06:11,109 - trainer - INFO -     loss           : 0.18960297433301618
2023-10-11 18:06:11,109 - trainer - INFO -     val_loss       : 0.19409139152555344
2023-10-11 18:06:11,126 - trainer - INFO - Saving checkpoint: saved/models/LSTMmodel/1011_175944/checkpoint-epoch12.pth ...
2023-10-11 18:06:41,546 - trainer - INFO -     epoch          : 13
2023-10-11 18:06:41,547 - trainer - INFO -     loss           : 0.18945585727178263
2023-10-11 18:06:41,548 - trainer - INFO -     val_loss       : 0.18808655789644346
2023-10-11 18:06:41,553 - trainer - INFO - Saving checkpoint: saved/models/LSTMmodel/1011_175944/checkpoint-epoch13.pth ...
2023-10-11 18:07:12,474 - trainer - INFO -     epoch          : 14
2023-10-11 18:07:12,475 - trainer - INFO -     loss           : 0.19142766743726267
2023-10-11 18:07:12,475 - trainer - INFO -     val_loss       : 0.19642565985759633
2023-10-11 18:07:12,484 - trainer - INFO - Saving checkpoint: saved/models/LSTMmodel/1011_175944/checkpoint-epoch14.pth ...
2023-10-11 18:07:43,198 - trainer - INFO -     epoch          : 15
2023-10-11 18:07:43,199 - trainer - INFO -     loss           : 0.1911576995732076
2023-10-11 18:07:43,199 - trainer - INFO -     val_loss       : 0.19188483491264186
2023-10-11 18:07:43,204 - trainer - INFO - Saving checkpoint: saved/models/LSTMmodel/1011_175944/checkpoint-epoch15.pth ...
2023-10-11 18:08:15,845 - trainer - INFO -     epoch          : 16
2023-10-11 18:08:15,846 - trainer - INFO -     loss           : 0.190731936093686
2023-10-11 18:08:15,846 - trainer - INFO -     val_loss       : 0.18884084910820298
2023-10-11 18:08:15,854 - trainer - INFO - Saving checkpoint: saved/models/LSTMmodel/1011_175944/checkpoint-epoch16.pth ...
2023-10-11 18:08:43,871 - trainer - INFO -     epoch          : 17
2023-10-11 18:08:43,872 - trainer - INFO -     loss           : 0.18992387337160804
2023-10-11 18:08:43,872 - trainer - INFO -     val_loss       : 0.1998119591438574
2023-10-11 18:08:43,876 - trainer - INFO - Saving checkpoint: saved/models/LSTMmodel/1011_175944/checkpoint-epoch17.pth ...
2023-10-11 18:09:16,426 - trainer - INFO -     epoch          : 18
2023-10-11 18:09:16,431 - trainer - INFO -     loss           : 0.190802229361793
2023-10-11 18:09:16,432 - trainer - INFO -     val_loss       : 0.194902724042484
2023-10-11 18:09:16,435 - trainer - INFO - Validation performance didn't improve for 10 epochs. Training stops.
