2023-10-11 18:18:43,291 - train - INFO - LSTM(
  (lstm): LSTM(1, 50, dropout=0.2)
  (linear): Linear(in_features=50, out_features=1, bias=True)
)
2023-10-11 18:19:20,028 - trainer - INFO -     epoch          : 1
2023-10-11 18:19:20,029 - trainer - INFO -     loss           : 0.20062070174856256
2023-10-11 18:19:20,029 - trainer - INFO -     val_loss       : 0.19861107215757537
2023-10-11 18:19:20,035 - trainer - INFO - Saving checkpoint: saved/models/LSTMmodel/1011_181843/checkpoint-epoch1.pth ...
2023-10-11 18:19:20,038 - trainer - INFO - Saving current best: model_best.pth ...
2023-10-11 18:19:51,410 - trainer - INFO -     epoch          : 2
2023-10-11 18:19:51,412 - trainer - INFO -     loss           : 0.19690041380820164
2023-10-11 18:19:51,412 - trainer - INFO -     val_loss       : 0.19986598680793374
2023-10-11 18:19:51,417 - trainer - INFO - Saving checkpoint: saved/models/LSTMmodel/1011_181843/checkpoint-epoch2.pth ...
2023-10-11 18:20:20,559 - trainer - INFO -     epoch          : 3
2023-10-11 18:20:20,561 - trainer - INFO -     loss           : 0.19577715883138905
2023-10-11 18:20:20,561 - trainer - INFO -     val_loss       : 0.19271775404930927
2023-10-11 18:20:20,566 - trainer - INFO - Saving checkpoint: saved/models/LSTMmodel/1011_181843/checkpoint-epoch3.pth ...
2023-10-11 18:20:20,569 - trainer - INFO - Saving current best: model_best.pth ...
2023-10-11 18:20:51,333 - trainer - INFO -     epoch          : 4
2023-10-11 18:20:51,334 - trainer - INFO -     loss           : 0.19393575072989444
2023-10-11 18:20:51,334 - trainer - INFO -     val_loss       : 0.19198789990434426
2023-10-11 18:20:51,339 - trainer - INFO - Saving checkpoint: saved/models/LSTMmodel/1011_181843/checkpoint-epoch4.pth ...
2023-10-11 18:20:51,343 - trainer - INFO - Saving current best: model_best.pth ...
2023-10-11 18:21:22,018 - trainer - INFO -     epoch          : 5
2023-10-11 18:21:22,019 - trainer - INFO -     loss           : 0.1931913757575172
2023-10-11 18:21:22,019 - trainer - INFO -     val_loss       : 0.19324089952196052
2023-10-11 18:21:22,024 - trainer - INFO - Saving checkpoint: saved/models/LSTMmodel/1011_181843/checkpoint-epoch5.pth ...
2023-10-11 18:21:52,327 - trainer - INFO -     epoch          : 6
2023-10-11 18:21:52,328 - trainer - INFO -     loss           : 0.19347805009555258
2023-10-11 18:21:52,328 - trainer - INFO -     val_loss       : 0.1912858396515412
2023-10-11 18:21:52,334 - trainer - INFO - Saving checkpoint: saved/models/LSTMmodel/1011_181843/checkpoint-epoch6.pth ...
2023-10-11 18:21:52,336 - trainer - INFO - Saving current best: model_best.pth ...
2023-10-11 18:22:21,855 - trainer - INFO -     epoch          : 7
2023-10-11 18:22:21,856 - trainer - INFO -     loss           : 0.19529806006503153
2023-10-11 18:22:21,857 - trainer - INFO -     val_loss       : 0.18908340319522485
2023-10-11 18:22:21,864 - trainer - INFO - Saving checkpoint: saved/models/LSTMmodel/1011_181843/checkpoint-epoch7.pth ...
2023-10-11 18:22:21,871 - trainer - INFO - Saving current best: model_best.pth ...
2023-10-11 18:22:53,723 - trainer - INFO -     epoch          : 8
2023-10-11 18:22:53,724 - trainer - INFO -     loss           : 0.19172256999393955
2023-10-11 18:22:53,725 - trainer - INFO -     val_loss       : 0.1923438259658176
2023-10-11 18:22:53,730 - trainer - INFO - Saving checkpoint: saved/models/LSTMmodel/1011_181843/checkpoint-epoch8.pth ...
2023-10-11 18:23:24,427 - trainer - INFO -     epoch          : 9
2023-10-11 18:23:24,429 - trainer - INFO -     loss           : 0.19306729560043662
2023-10-11 18:23:24,429 - trainer - INFO -     val_loss       : 0.1925909365868182
2023-10-11 18:23:24,434 - trainer - INFO - Saving checkpoint: saved/models/LSTMmodel/1011_181843/checkpoint-epoch9.pth ...
2023-10-11 18:23:54,934 - trainer - INFO -     epoch          : 10
2023-10-11 18:23:54,935 - trainer - INFO -     loss           : 0.1929050778984345
2023-10-11 18:23:54,935 - trainer - INFO -     val_loss       : 0.18918467991694526
2023-10-11 18:23:54,942 - trainer - INFO - Saving checkpoint: saved/models/LSTMmodel/1011_181843/checkpoint-epoch10.pth ...
2023-10-11 18:24:24,836 - trainer - INFO -     epoch          : 11
2023-10-11 18:24:24,838 - trainer - INFO -     loss           : 0.19084920660030902
2023-10-11 18:24:24,838 - trainer - INFO -     val_loss       : 0.18869486686596604
2023-10-11 18:24:24,843 - trainer - INFO - Saving checkpoint: saved/models/LSTMmodel/1011_181843/checkpoint-epoch11.pth ...
2023-10-11 18:24:24,846 - trainer - INFO - Saving current best: model_best.pth ...
2023-10-11 18:24:55,628 - trainer - INFO -     epoch          : 12
2023-10-11 18:24:55,629 - trainer - INFO -     loss           : 0.18986891727155364
2023-10-11 18:24:55,630 - trainer - INFO -     val_loss       : 0.19414548458640946
2023-10-11 18:24:55,634 - trainer - INFO - Saving checkpoint: saved/models/LSTMmodel/1011_181843/checkpoint-epoch12.pth ...
2023-10-11 18:25:25,108 - trainer - INFO -     epoch          : 13
2023-10-11 18:25:25,109 - trainer - INFO -     loss           : 0.18964611182471178
2023-10-11 18:25:25,109 - trainer - INFO -     val_loss       : 0.1887618685873737
2023-10-11 18:25:25,114 - trainer - INFO - Saving checkpoint: saved/models/LSTMmodel/1011_181843/checkpoint-epoch13.pth ...
2023-10-11 18:25:53,685 - trainer - INFO -     epoch          : 14
2023-10-11 18:25:53,686 - trainer - INFO -     loss           : 0.19122532051857394
2023-10-11 18:25:53,686 - trainer - INFO -     val_loss       : 0.1963051467587887
2023-10-11 18:25:53,691 - trainer - INFO - Saving checkpoint: saved/models/LSTMmodel/1011_181843/checkpoint-epoch14.pth ...
2023-10-11 18:26:23,138 - trainer - INFO -     epoch          : 15
2023-10-11 18:26:23,139 - trainer - INFO -     loss           : 0.1912959356782314
2023-10-11 18:26:23,139 - trainer - INFO -     val_loss       : 0.1914032753851392
2023-10-11 18:26:23,145 - trainer - INFO - Saving checkpoint: saved/models/LSTMmodel/1011_181843/checkpoint-epoch15.pth ...
2023-10-11 18:26:53,117 - trainer - INFO -     epoch          : 16
2023-10-11 18:26:53,119 - trainer - INFO -     loss           : 0.19118801098798094
2023-10-11 18:26:53,119 - trainer - INFO -     val_loss       : 0.18772867847498284
2023-10-11 18:26:53,124 - trainer - INFO - Saving checkpoint: saved/models/LSTMmodel/1011_181843/checkpoint-epoch16.pth ...
2023-10-11 18:26:53,127 - trainer - INFO - Saving current best: model_best.pth ...
2023-10-11 18:27:24,779 - trainer - INFO -     epoch          : 17
2023-10-11 18:27:24,780 - trainer - INFO -     loss           : 0.19006842938094026
2023-10-11 18:27:24,780 - trainer - INFO -     val_loss       : 0.20014371020006141
2023-10-11 18:27:24,787 - trainer - INFO - Saving checkpoint: saved/models/LSTMmodel/1011_181843/checkpoint-epoch17.pth ...
2023-10-11 18:27:53,938 - trainer - INFO -     epoch          : 18
2023-10-11 18:27:53,939 - trainer - INFO -     loss           : 0.19111120374627988
2023-10-11 18:27:53,939 - trainer - INFO -     val_loss       : 0.19495482458956212
2023-10-11 18:27:53,944 - trainer - INFO - Saving checkpoint: saved/models/LSTMmodel/1011_181843/checkpoint-epoch18.pth ...
2023-10-11 18:28:21,920 - trainer - INFO -     epoch          : 19
2023-10-11 18:28:21,920 - trainer - INFO -     loss           : 0.1885950489928607
2023-10-11 18:28:21,920 - trainer - INFO -     val_loss       : 0.18199564889045422
2023-10-11 18:28:21,946 - trainer - INFO - Saving checkpoint: saved/models/LSTMmodel/1011_181843/checkpoint-epoch19.pth ...
2023-10-11 18:28:21,948 - trainer - INFO - Saving current best: model_best.pth ...
2023-10-11 18:28:50,407 - trainer - INFO -     epoch          : 20
2023-10-11 18:28:50,407 - trainer - INFO -     loss           : 0.18931465904550443
2023-10-11 18:28:50,408 - trainer - INFO -     val_loss       : 0.18414448665206284
2023-10-11 18:28:50,411 - trainer - INFO - Saving checkpoint: saved/models/LSTMmodel/1011_181843/checkpoint-epoch20.pth ...
