2023-10-04 11:48:46,150 - train - INFO - CNN_LSTM(
  (c1): Conv1d(1, 1, kernel_size=(2,), stride=(1,))
  (lstm): LSTM(1, 50, dropout=0.2)
  (linear): Linear(in_features=50, out_features=1, bias=True)
)
2023-10-04 11:49:19,422 - trainer - INFO -     epoch          : 1
2023-10-04 11:49:19,422 - trainer - INFO -     loss           : 0.20476631956372254
2023-10-04 11:49:19,422 - trainer - INFO -     val_loss       : 0.19926418811258473
2023-10-04 11:49:19,430 - trainer - INFO - Saving checkpoint: saved/models/CNNLSTMmodel/1004_114845/checkpoint-epoch1.pth ...
2023-10-04 11:49:19,433 - trainer - INFO - Saving current best: model_best.pth ...
2023-10-04 11:49:47,305 - trainer - INFO -     epoch          : 2
2023-10-04 11:49:47,306 - trainer - INFO -     loss           : 0.20345292946449905
2023-10-04 11:49:47,306 - trainer - INFO -     val_loss       : 0.20479485576282644
2023-10-04 11:49:47,311 - trainer - INFO - Saving checkpoint: saved/models/CNNLSTMmodel/1004_114845/checkpoint-epoch2.pth ...
2023-10-04 11:50:15,606 - trainer - INFO -     epoch          : 3
2023-10-04 11:50:15,606 - trainer - INFO -     loss           : 0.20300284798609336
2023-10-04 11:50:15,607 - trainer - INFO -     val_loss       : 0.20271246424424966
2023-10-04 11:50:15,612 - trainer - INFO - Saving checkpoint: saved/models/CNNLSTMmodel/1004_114845/checkpoint-epoch3.pth ...
2023-10-04 11:50:46,352 - trainer - INFO -     epoch          : 4
2023-10-04 11:50:46,353 - trainer - INFO -     loss           : 0.20343051955096178
2023-10-04 11:50:46,353 - trainer - INFO -     val_loss       : 0.20306890207868802
2023-10-04 11:50:46,358 - trainer - INFO - Saving checkpoint: saved/models/CNNLSTMmodel/1004_114845/checkpoint-epoch4.pth ...
2023-10-04 11:51:14,508 - trainer - INFO -     epoch          : 5
2023-10-04 11:51:14,508 - trainer - INFO -     loss           : 0.20337138210510092
2023-10-04 11:51:14,508 - trainer - INFO -     val_loss       : 0.20039253588541117
2023-10-04 11:51:14,514 - trainer - INFO - Saving checkpoint: saved/models/CNNLSTMmodel/1004_114845/checkpoint-epoch5.pth ...
