2023-10-11 15:46:20,883 - train - INFO - GRU(
  (gru_layers): ModuleList(
    (0): GRU(1, 128, batch_first=True, dropout=0.2)
    (1): GRU(1, 64, batch_first=True, dropout=0.2)
    (2): GRU(1, 32, batch_first=True, dropout=0.2)
    (3): GRU(1, 16, batch_first=True, dropout=0.2)
  )
  (fc): Linear(in_features=16, out_features=1, bias=True)
  (tanh): Tanh()
)
2023-10-11 15:46:55,588 - trainer - INFO -     epoch          : 1
2023-10-11 15:46:55,589 - trainer - INFO -     loss           : 0.25406298378765
2023-10-11 15:46:55,589 - trainer - INFO -     val_loss       : 0.18787107558900246
2023-10-11 15:46:55,594 - trainer - INFO - Saving checkpoint: saved/models/GRUmodel/1011_154620/checkpoint-epoch1.pth ...
2023-10-11 15:46:55,598 - trainer - INFO - Saving current best: model_best.pth ...
2023-10-11 15:47:25,221 - trainer - INFO -     epoch          : 2
2023-10-11 15:47:25,222 - trainer - INFO -     loss           : 0.17992552908106826
2023-10-11 15:47:25,222 - trainer - INFO -     val_loss       : 0.16688823356370378
2023-10-11 15:47:25,227 - trainer - INFO - Saving checkpoint: saved/models/GRUmodel/1011_154620/checkpoint-epoch2.pth ...
2023-10-11 15:47:25,231 - trainer - INFO - Saving current best: model_best.pth ...
2023-10-11 15:47:53,746 - trainer - INFO -     epoch          : 3
2023-10-11 15:47:53,747 - trainer - INFO -     loss           : 0.15020577879216318
2023-10-11 15:47:53,747 - trainer - INFO -     val_loss       : 0.12923663637775473
2023-10-11 15:47:53,753 - trainer - INFO - Saving checkpoint: saved/models/GRUmodel/1011_154620/checkpoint-epoch3.pth ...
2023-10-11 15:47:53,756 - trainer - INFO - Saving current best: model_best.pth ...
2023-10-11 15:48:24,955 - trainer - INFO -     epoch          : 4
2023-10-11 15:48:24,956 - trainer - INFO -     loss           : 0.10916674028053011
2023-10-11 15:48:24,956 - trainer - INFO -     val_loss       : 0.08847958108916215
2023-10-11 15:48:24,963 - trainer - INFO - Saving checkpoint: saved/models/GRUmodel/1011_154620/checkpoint-epoch4.pth ...
2023-10-11 15:48:24,966 - trainer - INFO - Saving current best: model_best.pth ...
2023-10-11 15:48:55,121 - trainer - INFO -     epoch          : 5
2023-10-11 15:48:55,122 - trainer - INFO -     loss           : 0.08472022031026008
2023-10-11 15:48:55,122 - trainer - INFO -     val_loss       : 0.07507472569952596
2023-10-11 15:48:55,127 - trainer - INFO - Saving checkpoint: saved/models/GRUmodel/1011_154620/checkpoint-epoch5.pth ...
2023-10-11 15:48:55,130 - trainer - INFO - Saving current best: model_best.pth ...
