2023-10-11 15:43:18,720 - train - INFO - GRU(
  (gru_layers): ModuleList(
    (0): GRU(1, 128, batch_first=True, dropout=0.2)
    (1): GRU(1, 64, batch_first=True, dropout=0.2)
    (2): GRU(1, 32, batch_first=True, dropout=0.2)
    (3): GRU(1, 16, batch_first=True, dropout=0.2)
  )
  (fc): Linear(in_features=16, out_features=1, bias=True)
  (relu): ReLU()
)
2023-10-11 15:43:58,897 - trainer - INFO -     epoch          : 1
2023-10-11 15:43:58,898 - trainer - INFO -     loss           : 0.3169505536551569
2023-10-11 15:43:58,898 - trainer - INFO -     val_loss       : 0.240632177332174
2023-10-11 15:43:58,909 - trainer - INFO - Saving checkpoint: saved/models/GRUmodel/1011_154318/checkpoint-epoch1.pth ...
2023-10-11 15:43:58,916 - trainer - INFO - Saving current best: model_best.pth ...
2023-10-11 15:44:29,244 - trainer - INFO -     epoch          : 2
2023-10-11 15:44:29,245 - trainer - INFO -     loss           : 0.20086443774401125
2023-10-11 15:44:29,245 - trainer - INFO -     val_loss       : 0.18327539335581355
2023-10-11 15:44:29,251 - trainer - INFO - Saving checkpoint: saved/models/GRUmodel/1011_154318/checkpoint-epoch2.pth ...
2023-10-11 15:44:29,257 - trainer - INFO - Saving current best: model_best.pth ...
2023-10-11 15:45:00,190 - trainer - INFO -     epoch          : 3
2023-10-11 15:45:00,192 - trainer - INFO -     loss           : 0.17165265339769337
2023-10-11 15:45:00,192 - trainer - INFO -     val_loss       : 0.15700901391333294
2023-10-11 15:45:00,196 - trainer - INFO - Saving checkpoint: saved/models/GRUmodel/1011_154318/checkpoint-epoch3.pth ...
2023-10-11 15:45:00,199 - trainer - INFO - Saving current best: model_best.pth ...
2023-10-11 15:45:29,115 - trainer - INFO -     epoch          : 4
2023-10-11 15:45:29,116 - trainer - INFO -     loss           : 0.14132786553689702
2023-10-11 15:45:29,116 - trainer - INFO -     val_loss       : 0.11865689506829843
2023-10-11 15:45:29,120 - trainer - INFO - Saving checkpoint: saved/models/GRUmodel/1011_154318/checkpoint-epoch4.pth ...
2023-10-11 15:45:29,124 - trainer - INFO - Saving current best: model_best.pth ...
2023-10-11 15:45:57,821 - trainer - INFO -     epoch          : 5
2023-10-11 15:45:57,822 - trainer - INFO -     loss           : 0.10713757294310196
2023-10-11 15:45:57,822 - trainer - INFO -     val_loss       : 0.09296875935835375
2023-10-11 15:45:57,826 - trainer - INFO - Saving checkpoint: saved/models/GRUmodel/1011_154318/checkpoint-epoch5.pth ...
2023-10-11 15:45:57,829 - trainer - INFO - Saving current best: model_best.pth ...
