2023-10-11 17:16:55,759 - train - INFO - LSTM(
  (lstm): LSTM(1, 50, dropout=0.2)
  (linear): Linear(in_features=50, out_features=1, bias=True)
)
2023-10-11 17:17:30,313 - trainer - INFO -     epoch          : 1
2023-10-11 17:17:30,314 - trainer - INFO -     loss           : 0.2005588241053808
2023-10-11 17:17:30,315 - trainer - INFO -     val_loss       : 0.20112362233015754
2023-10-11 17:17:30,323 - trainer - INFO - Saving checkpoint: saved/models/LSTMmodel/1011_171655/checkpoint-epoch1.pth ...
2023-10-11 17:17:30,326 - trainer - INFO - Saving current best: model_best.pth ...
2023-10-11 17:18:00,491 - trainer - INFO -     epoch          : 2
2023-10-11 17:18:00,492 - trainer - INFO -     loss           : 0.1962999378287785
2023-10-11 17:18:00,493 - trainer - INFO -     val_loss       : 0.19991476871033706
2023-10-11 17:18:00,499 - trainer - INFO - Saving checkpoint: saved/models/LSTMmodel/1011_171655/checkpoint-epoch2.pth ...
2023-10-11 17:18:00,502 - trainer - INFO - Saving current best: model_best.pth ...
2023-10-11 17:18:29,874 - trainer - INFO -     epoch          : 3
2023-10-11 17:18:29,876 - trainer - INFO -     loss           : 0.19485518191002704
2023-10-11 17:18:29,876 - trainer - INFO -     val_loss       : 0.19184622329529086
2023-10-11 17:18:29,881 - trainer - INFO - Saving checkpoint: saved/models/LSTMmodel/1011_171655/checkpoint-epoch3.pth ...
2023-10-11 17:18:29,885 - trainer - INFO - Saving current best: model_best.pth ...
2023-10-11 17:18:58,572 - trainer - INFO -     epoch          : 4
2023-10-11 17:18:58,573 - trainer - INFO -     loss           : 0.19327364124555618
2023-10-11 17:18:58,574 - trainer - INFO -     val_loss       : 0.1892873403352586
2023-10-11 17:18:58,578 - trainer - INFO - Saving checkpoint: saved/models/LSTMmodel/1011_171655/checkpoint-epoch4.pth ...
2023-10-11 17:18:58,581 - trainer - INFO - Saving current best: model_best.pth ...
