2023-10-11 03:06:12,601 - train - INFO - RNN(
  (rnn): RNN(1, 50, batch_first=True, dropout=0.2)
  (fc): Sequential(
    (0): Linear(in_features=150, out_features=1, bias=True)
    (1): Sigmoid()
  )
)
2023-10-11 03:06:45,131 - trainer - INFO -     epoch          : 1
2023-10-11 03:06:45,132 - trainer - INFO -     loss           : 0.1361094270960827
2023-10-11 03:06:45,132 - trainer - INFO -     val_loss       : 0.08870671183575252
2023-10-11 03:06:45,137 - trainer - INFO - Saving checkpoint: saved/models/RNNmodel/1011_030612/checkpoint-epoch1.pth ...
2023-10-11 03:06:45,140 - trainer - INFO - Saving current best: model_best.pth ...
2023-10-11 03:07:12,355 - trainer - INFO -     epoch          : 2
2023-10-11 03:07:12,356 - trainer - INFO -     loss           : 0.0876340574523449
2023-10-11 03:07:12,356 - trainer - INFO -     val_loss       : 0.08290449671629144
2023-10-11 03:07:12,360 - trainer - INFO - Saving checkpoint: saved/models/RNNmodel/1011_030612/checkpoint-epoch2.pth ...
2023-10-11 03:07:12,363 - trainer - INFO - Saving current best: model_best.pth ...
2023-10-11 03:07:40,051 - trainer - INFO -     epoch          : 3
2023-10-11 03:07:40,052 - trainer - INFO -     loss           : 0.0715765451294096
2023-10-11 03:07:40,052 - trainer - INFO -     val_loss       : 0.069196645174427
2023-10-11 03:07:40,057 - trainer - INFO - Saving checkpoint: saved/models/RNNmodel/1011_030612/checkpoint-epoch3.pth ...
2023-10-11 03:07:40,060 - trainer - INFO - Saving current best: model_best.pth ...
2023-10-11 03:08:08,817 - trainer - INFO -     epoch          : 4
2023-10-11 03:08:08,818 - trainer - INFO -     loss           : 0.06671732542653362
2023-10-11 03:08:08,818 - trainer - INFO -     val_loss       : 0.06796153297621874
2023-10-11 03:08:08,822 - trainer - INFO - Saving checkpoint: saved/models/RNNmodel/1011_030612/checkpoint-epoch4.pth ...
2023-10-11 03:08:08,825 - trainer - INFO - Saving current best: model_best.pth ...
2023-10-11 03:08:37,265 - trainer - INFO -     epoch          : 5
2023-10-11 03:08:37,266 - trainer - INFO -     loss           : 0.06421892822997177
2023-10-11 03:08:37,266 - trainer - INFO -     val_loss       : 0.06078541442407907
2023-10-11 03:08:37,271 - trainer - INFO - Saving checkpoint: saved/models/RNNmodel/1011_030612/checkpoint-epoch5.pth ...
2023-10-11 03:08:37,274 - trainer - INFO - Saving current best: model_best.pth ...
