2023-10-04 11:46:11,229 - train - INFO - LSTM(
  (lstm): LSTM(1, 50, dropout=0.2)
  (linear): Linear(in_features=50, out_features=1, bias=True)
)
2023-10-04 11:46:46,428 - trainer - INFO -     epoch          : 1
2023-10-04 11:46:46,429 - trainer - INFO -     loss           : 0.20239123078623536
2023-10-04 11:46:46,430 - trainer - INFO -     val_loss       : 0.19970170712487947
2023-10-04 11:46:46,439 - trainer - INFO - Saving checkpoint: saved/models/LSTMmodel/1004_114610/checkpoint-epoch1.pth ...
2023-10-04 11:46:46,443 - trainer - INFO - Saving current best: model_best.pth ...
2023-10-04 11:47:14,119 - trainer - INFO -     epoch          : 2
2023-10-04 11:47:14,120 - trainer - INFO -     loss           : 0.200238696941788
2023-10-04 11:47:14,120 - trainer - INFO -     val_loss       : 0.20079686858213858
2023-10-04 11:47:14,125 - trainer - INFO - Saving checkpoint: saved/models/LSTMmodel/1004_114610/checkpoint-epoch2.pth ...
2023-10-04 11:47:41,565 - trainer - INFO -     epoch          : 3
2023-10-04 11:47:41,567 - trainer - INFO -     loss           : 0.198156825383233
2023-10-04 11:47:41,567 - trainer - INFO -     val_loss       : 0.19591237152630625
2023-10-04 11:47:41,572 - trainer - INFO - Saving checkpoint: saved/models/LSTMmodel/1004_114610/checkpoint-epoch3.pth ...
2023-10-04 11:47:41,576 - trainer - INFO - Saving current best: model_best.pth ...
2023-10-04 11:48:10,695 - trainer - INFO -     epoch          : 4
2023-10-04 11:48:10,697 - trainer - INFO -     loss           : 0.19719980567998244
2023-10-04 11:48:10,697 - trainer - INFO -     val_loss       : 0.1956552844273016
2023-10-04 11:48:10,702 - trainer - INFO - Saving checkpoint: saved/models/LSTMmodel/1004_114610/checkpoint-epoch4.pth ...
2023-10-04 11:48:10,705 - trainer - INFO - Saving current best: model_best.pth ...
2023-10-04 11:48:41,734 - trainer - INFO -     epoch          : 5
2023-10-04 11:48:41,736 - trainer - INFO -     loss           : 0.19709319789156682
2023-10-04 11:48:41,736 - trainer - INFO -     val_loss       : 0.1944859492065432
2023-10-04 11:48:41,742 - trainer - INFO - Saving checkpoint: saved/models/LSTMmodel/1004_114610/checkpoint-epoch5.pth ...
2023-10-04 11:48:41,744 - trainer - INFO - Saving current best: model_best.pth ...
